\BOOKMARK [-1][-]{part.1}{\376\377\000I\000\040\000R\000e\000s\000e\000a\000r\000c\000h\000\040\000N\000o\000t\000e\000s\000\040\000F\000o\000r\000\040\000A\000r\000t\000i\000c\000l\000e\000s}{}% 1
\BOOKMARK [0][-]{chapter.1}{\376\377\000V\000e\000c\000t\000o\000r\000\040\000B\000u\000n\000d\000l\000e\000s\000\040\000w\000i\000t\000h\000\040\000S\000e\000m\000i\000d\000e\000f\000i\000n\000i\000t\000e\000\040\000C\000u\000r\000v\000a\000t\000u\000r\000e\000\040\000a\000n\000d\000\040\000C\000o\000h\000o\000m\000o\000l\000o\000g\000y\000\040\000V\000a\000n\000i\000s\000h\000i\000n\000g\000\040\000T\000h\000e\000o\000r\000e\000m\000s}{part.1}% 2
\BOOKMARK [1][-]{section.1.1}{\376\377\000P\000r\000e\000l\000i\000m\000i\000n\000a\000r\000i\000e\000s}{chapter.1}% 3
\BOOKMARK [2][-]{subsection.1.1.1}{\376\377\000C\000o\000r\000r\000e\000l\000a\000t\000i\000o\000n\000\040\000T\000e\000c\000h\000n\000i\000q\000u\000e\000s}{section.1.1}% 4
\BOOKMARK [1][-]{section.1.2}{\376\377\000T\000h\000e\000\040\000K\000\344\000h\000l\000e\000r\000\040\000C\000a\000s\000e}{chapter.1}% 5
\BOOKMARK [2][-]{subsection.1.2.1}{\376\377\000A\000n\000\040\000a\000p\000p\000l\000i\000c\000a\000t\000i\000o\000n\000\040\000o\000f\000\040\000s\000e\000m\000i\000d\000e\000f\000i\000n\000i\000t\000e\000\040\000t\000h\000e\000o\000r\000e\000m\000\040\000i\000n\000\040\000K\000\344\000h\000l\000e\000r\000\040\000c\000a\000s\000e}{section.1.2}% 6
\BOOKMARK [1][-]{section.1.3}{\376\377\000G\000e\000n\000e\000r\000a\000l\000\040\000c\000a\000s\000e}{chapter.1}% 7
\BOOKMARK [1][-]{section.1.4}{\376\377\000O\000n\000\040\000v\000e\000c\000t\000o\000r\000\040\000b\000u\000n\000d\000l\000e\000s}{chapter.1}% 8
\BOOKMARK [2][-]{subsection.1.4.1}{\376\377\000T\000e\000r\000m\000i\000n\000o\000l\000o\000g\000i\000e\000s}{section.1.4}% 9
\BOOKMARK [1][-]{section.1.5}{\376\377\000V\000a\000n\000i\000s\000h\000i\000n\000g\000\040\000t\000h\000e\000o\000r\000e\000m\000s\000\040\000f\000o\000r\000\040\000p\000o\000s\000i\000t\000i\000v\000e\000\040\000s\000e\000m\000i\000d\000e\000f\000i\000n\000i\000t\000e\000\040\000v\000e\000c\000t\000o\000r\000\040\000b\000u\000n\000d\000l\000e\000s\000\040\000o\000f\000\040\000r\000a\000n\000k\000\040\000k}{chapter.1}% 10
\BOOKMARK [2][-]{subsection.1.5.1}{\376\377\000K\000\344\000h\000l\000e\000r\000\040\000c\000a\000s\000e\000\040\000o\000v\000e\000r\000\040\000s\000e\000m\000i\000d\000e\000f\000i\000n\000i\000t\000e\000\040\000v\000e\000c\000t\000o\000r\000\040\000b\000u\000n\000d\000l\000e\000s}{section.1.5}% 11
\BOOKMARK [2][-]{subsection.1.5.2}{\376\377\000G\000e\000n\000e\000r\000a\000l\000\040\000c\000a\000s\000e\000\040\000o\000v\000e\000r\000\040\000s\000e\000m\000i\000d\000e\000f\000i\000n\000i\000t\000e\000\040\000v\000e\000c\000t\000o\000r\000\040\000b\000u\000n\000d\000l\000e\000s}{section.1.5}% 12
\BOOKMARK [1][-]{section.1.6}{\376\377\000T\000h\000e\000\040\000s\000e\000m\000i\000-\000c\000u\000r\000v\000a\000t\000u\000r\000e\000\040\000o\000f\000\040\000a\000\040\000l\000i\000n\000e\000\040\000b\000u\000n\000d\000l\000e\000\040\000-\000\040\000o\000v\000e\000r\000\040\000-}{chapter.1}% 13
\BOOKMARK [2][-]{subsection.1.6.1}{\376\377\000C\000o\000m\000p\000u\000t\000a\000t\000i\000o\000n\000\040\000o\000f\000\040}{section.1.6}% 14
\BOOKMARK [2][-]{subsection.1.6.2}{\376\377\000C\000o\000m\000p\000u\000t\000a\000t\000i\000o\000n\000\040\000o\000f\000\040\000t\000h\000e\000\040\000q\000u\000a\000d\000r\000a\000t\000i\000c\000\040\000f\000o\000r\000m\000\040}{section.1.6}% 15
\BOOKMARK [1][-]{section.1.7}{\376\377\000S\000u\000m\000m\000a\000r\000y\000\040\000a\000n\000d\000\040\000R\000e\000f\000l\000e\000c\000t\000i\000o\000n}{chapter.1}% 16
\BOOKMARK [0][-]{chapter.2}{\376\377\000L\000o\000g\000a\000r\000i\000t\000h\000m\000i\000c\000\040\000v\000a\000n\000i\000s\000h\000i\000n\000g\000\040\000t\000h\000e\000o\000r\000e\000m\000s\000\040\000o\000n\000\040\000c\000o\000m\000p\000a\000c\000t\000\040\000K\000\344\000h\000l\000e\000r\000\040\000m\000a\000n\000i\000f\000o\000l\000d\000s\000\040\000I\000\040}{part.1}% 17
\BOOKMARK [1][-]{section.2.1}{\376\377\000T\000e\000r\000m\000i\000n\000o\000l\000o\000g\000i\000e\000s}{chapter.2}% 18
\BOOKMARK [1][-]{section.2.2}{\376\377\000S\000o\000m\000e\000\040\000p\000r\000o\000b\000l\000e\000m\000s\000\040\000a\000n\000d\000\040\000t\000h\000e\000i\000r\000\040\000s\000o\000l\000u\000t\000i\000o\000n\000s}{chapter.2}% 19
\BOOKMARK [1][-]{section.2.3}{\376\377\000P\000r\000e\000l\000i\000m\000i\000n\000a\000r\000i\000e\000s}{chapter.2}% 20
\BOOKMARK [2][-]{subsection.2.3.1}{\376\377\000P\000r\000o\000o\000f\000\040\000o\000f\000\040\000T\000h\000e\000o\000r\000e\000m\0001\000.\0001}{section.2.3}% 21
\BOOKMARK [0][-]{chapter.3}{\376\377\000-\000a\000p\000p\000r\000o\000a\000c\000h\000\040\000t\000o\000\040\000t\000h\000e\000\040\000s\000a\000i\000t\000o\000\040\000v\000a\000n\000i\000s\000h\000i\000n\000g\000\040\000t\000h\000e\000o\000r\000e\000m}{part.1}% 22
\BOOKMARK [1][-]{section.3.1}{\376\377\000T\000e\000r\000m\000i\000n\000o\000l\000o\000g\000i\000e\000s}{chapter.3}% 23
\BOOKMARK [1][-]{section.3.2}{\376\377\000D\000o\000l\000b\000e\000a\000u\000l\000t\000\040\000R\000e\000s\000o\000l\000u\000t\000i\000o\000n\000\040\000f\000o\000r\000\040\000t\000h\000e\000\040\000d\000e\000\040\000R\000h\000a\000m\000\040\000C\000o\000m\000p\000l\000e\000x}{chapter.3}% 24
\BOOKMARK [2][-]{subsection.3.2.1}{\376\377\000T\000h\000e\000\040\000D\000o\000l\000b\000e\000a\000u\000l\000t\000\040\000r\000e\000s\000o\000l\000u\000t\000i\000o\000n}{section.3.2}% 25
\BOOKMARK [2][-]{subsection.3.2.2}{\376\377\000T\000h\000e\000\040\000l\000o\000g\000a\000r\000i\000t\000h\000m\000i\000c\000\040\000H\000o\000l\000o\000m\000o\000r\000p\000h\000i\000c\000\040\000d\000e\000\040\000R\000h\000a\000m\000\040\000R\000e\000s\000o\000l\000u\000t\000i\000o\000n}{section.3.2}% 26
\BOOKMARK [1][-]{section.3.3}{\376\377\000-\000e\000x\000i\000s\000t\000e\000n\000c\000e\000\040\000r\000e\000s\000u\000l\000t\000s}{chapter.3}% 27
\BOOKMARK [1][-]{section.3.4}{\376\377\000C\000o\000n\000s\000t\000r\000u\000c\000t\000i\000o\000n\000\040\000o\000f\000\040\000t\000h\000e\000\040\000K\000\344\000h\000l\000e\000r\000\040\000m\000e\000t\000r\000i\000c\000\040\000o\000n\000\040\000t\000h\000e\000\040\000C\000o\000m\000p\000l\000e\000m\000e\000n\000t}{chapter.3}% 28
\BOOKMARK [2][-]{subsection.3.4.1}{\376\377\000P\000o\000i\000n\000c\000a\000r\000\351\000\040\000t\000y\000p\000e\000\040\000K\000\344\000h\000l\000e\000r\000\040\000m\000e\000t\000r\000i\000c\000\040\000o\000n\000\040\000c\000o\000m\000p\000l\000e\000m\000e\000n\000t\000\040}{section.3.4}% 29
\BOOKMARK [2][-]{subsection.3.4.2}{\376\377\000C\000h\000e\000c\000k\000\040\000t\000h\000e\000\040\000p\000o\000s\000i\000t\000i\000v\000i\000t\000y\000\040\000o\000f\000\040\000t\000h\000e\000\040\000c\000o\000m\000m\000u\000t\000a\000t\000o\000r\000\040\000o\000p\000e\000r\000a\000t\000o\000r\000\040}{section.3.4}% 30
\BOOKMARK [1][-]{section.3.5}{\376\377\040\023\000D\000o\000l\000b\000e\000a\000u\000l\000t\000\040\000r\000e\000s\000o\000l\000u\000t\000i\000o\000n}{chapter.3}% 31
\BOOKMARK [2][-]{subsection.3.5.1}{\376\377\040\023\000D\000o\000l\000b\000e\000a\000u\000l\000t\000\040\000r\000e\000s\000o\000l\000u\000t\000i\000o\000n\000\040\000o\000f\000\040\000t\000h\000e\000\040\000d\000e\000\040\000R\000h\000a\000m\000\040\000c\000o\000m\000p\000l\000e\000x\000\040\000w\000h\000e\000n\000\040\000t\000h\000e\000r\000e\000\040\000i\000s\000\040\000a\000\040\000v\000a\000r\000i\000a\000t\000i\000o\000n\000\040\000o\000f\000\040\000H\000o\000d\000g\000e\000\040\000s\000t\000r\000u\000c\000t\000u\000r\000e\000s\000\040\000o\000n\000\040\000t\000h\000e\000\040\000c\000o\000m\000p\000l\000e\000m\000e\000n\000t\000\040\000o\000f\000\040\000a\000n\000\040\000S\000N\000C\000\040\000d\000e\000v\000i\000s\000o\000r}{section.3.5}% 32
\BOOKMARK [1][-]{section.3.6}{\376\377\000P\000r\000o\000o\000f\000\040\000o\000f\000\040\000t\000h\000e\000\040\000M\000a\000i\000n\000\040\000t\000h\000e\000o\000r\000e\000m}{chapter.3}% 33
\BOOKMARK [0][-]{chapter.4}{\376\377\000L\000o\000g\000a\000r\000i\000t\000h\000i\000m\000i\000c\000\040\000V\000a\000n\000i\000s\000h\000i\000n\000g\000\040\000T\000h\000e\000o\000r\000e\000m\000s\000\040\000f\000o\000r\000\040\000E\000f\000f\000e\000c\000t\000i\000v\000e\000\040\000-\000A\000m\000p\000l\000e\000\040\000D\000i\000v\000i\000s\000o\000r\000s}{part.1}% 34
\BOOKMARK [1][-]{section.4.1}{\376\377\000I\000n\000t\000r\000o\000d\000u\000c\000t\000i\000o\000n}{chapter.4}% 35
\BOOKMARK [0][-]{chapter.5}{\376\377\000N\000o\000t\000e\000s\000\040\000f\000o\000r\000\040\000s\000o\000m\000e\000\040\000n\000e\000w\000\040\000t\000o\000p\000i\000c\000s}{part.1}% 36
\BOOKMARK [1][-]{section.5.1}{\376\377\000P\000e\000r\000v\000e\000r\000s\000e\000\040\000S\000h\000e\000a\000f\000\040\000a\000n\000d\000\040\000I\000n\000t\000e\000r\000s\000e\000c\000t\000i\000o\000n\000\040\000C\000o\000h\000o\000m\000o\000l\000o\000g\000y}{chapter.5}% 37
\BOOKMARK [2][-]{subsection.5.1.1}{\376\377\000P\000o\000i\000n\000c\000a\000r\000\351\000\040\000D\000u\000a\000l\000i\000t\000y}{section.5.1}% 38
\BOOKMARK [2][-]{subsection.5.1.2}{\376\377\000U\000n\000d\000e\000r\000s\000t\000a\000n\000d\000i\000n\000g\000\040\000W\000h\000y\000\040\000t\000h\000e\000\040\000O\000d\000d\000\040\000B\000e\000t\000t\000i\000\040\000N\000u\000m\000b\000e\000r\000s\000\040\000o\000f\000\040\000a\000\040\000C\000o\000m\000p\000l\000e\000x\000\040\000P\000r\000o\000j\000e\000c\000t\000i\000v\000e\000\040\000M\000a\000n\000i\000f\000o\000l\000d\000\040\000a\000r\000e\000\040\000E\000v\000e\000n\000?}{section.5.1}% 39
\BOOKMARK [2][-]{subsection.5.1.3}{\376\377\000L\000e\000f\000s\000c\000h\000e\000t\000z\000\040\000H\000y\000p\000e\000r\000p\000l\000a\000n\000e\000\040\000S\000e\000c\000t\000i\000o\000n\000\040\000T\000h\000e\000o\000r\000e\000m}{section.5.1}% 40
\BOOKMARK [0][-]{chapter*.3}{\376\377\000B\000i\000b\000l\000i\000o\000g\000r\000a\000p\000h\000y}{part.1}% 41
